<?xml version="1.0" encoding="UTF-8"?>
<!-- Generated by org.testng.reporters.JUnitXMLReporter -->
<testsuite ignored="0" hostname="DESKTOP-8KFKMLI" failures="0" tests="1" name="SampleTest2" time="2.846" errors="0" timestamp="2022-05-05T15:22:25 IST">
  <testcase classname="mainpackage.MainClass" name="@BeforeTest driverlaunch" time="2.826">
    <failure type="org.openqa.selenium.SessionNotCreatedException" message="session not created: This version of ChromeDriver only supports Chrome version 99
Current browser version is 101.0.4951.54 with binary path C:\Program Files\Google\Chrome\Application\chrome.exe
Build info: version: &amp;apos;3.12.0&amp;apos;, revision: &amp;apos;7c6e0b3&amp;apos;, time: &amp;apos;2018-05-08T14:04:26.12Z&amp;apos;
System info: host: &amp;apos;DESKTOP-8KFKMLI&amp;apos;, ip: &amp;apos;192.168.29.42&amp;apos;, os.name: &amp;apos;Windows 10&amp;apos;, os.arch: &amp;apos;amd64&amp;apos;, os.version: &amp;apos;10.0&amp;apos;, java.version: &amp;apos;11.0.11&amp;apos;
Driver info: driver.version: ChromeDriver
remote stacktrace: Backtrace:
	Ordinal0 [0x00F29943+2595139]
	Ordinal0 [0x00EBC9F1+2148849]
	Ordinal0 [0x00DB4528+1066280]
	Ordinal0 [0x00DD42C3+1196739]
	Ordinal0 [0x00DCFE37+1179191]
	Ordinal0 [0x00DCD6F1+1169137]
	Ordinal0 [0x00E00530+1377584]
	Ordinal0 [0x00E0018A+1376650]
	Ordinal0 [0x00DFB806+1357830]
	Ordinal0 [0x00DD6086+1204358]
	Ordinal0 [0x00DD6F96+1208214]
	GetHandleVerifier [0x010CB232+1658114]
	GetHandleVerifier [0x0118312C+2411516]
	GetHandleVerifier [0x00FBF261+560433]
	GetHandleVerifier [0x00FBE366+556598]
	Ordinal0 [0x00EC286B+2173035]
	Ordinal0 [0x00EC75F8+2192888]
	Ordinal0 [0x00EC76E5+2193125]
	Ordinal0 [0x00ED11FC+2232828]
	BaseThreadInitThunk [0x7613FA29+25]
	RtlGetAppContainerNamedObjectPath [0x76F27A7E+286]
	RtlGetAppContainerNamedObjectPath [0x76F27A4E+238]
">
      <![CDATA[org.openqa.selenium.SessionNotCreatedException: session not created: This version of ChromeDriver only supports Chrome version 99
Current browser version is 101.0.4951.54 with binary path C:\Program Files\Google\Chrome\Application\chrome.exe
Build info: version: '3.12.0', revision: '7c6e0b3', time: '2018-05-08T14:04:26.12Z'
System info: host: 'DESKTOP-8KFKMLI', ip: '192.168.29.42', os.name: 'Windows 10', os.arch: 'amd64', os.version: '10.0', java.version: '11.0.11'
Driver info: driver.version: ChromeDriver
remote stacktrace: Backtrace:
Ordinal0 [0x00F29943+2595139]
Ordinal0 [0x00EBC9F1+2148849]
Ordinal0 [0x00DB4528+1066280]
Ordinal0 [0x00DD42C3+1196739]
Ordinal0 [0x00DCFE37+1179191]
Ordinal0 [0x00DCD6F1+1169137]
Ordinal0 [0x00E00530+1377584]
Ordinal0 [0x00E0018A+1376650]
Ordinal0 [0x00DFB806+1357830]
Ordinal0 [0x00DD6086+1204358]
Ordinal0 [0x00DD6F96+1208214]
GetHandleVerifier [0x010CB232+1658114]
GetHandleVerifier [0x0118312C+2411516]
GetHandleVerifier [0x00FBF261+560433]
GetHandleVerifier [0x00FBE366+556598]
Ordinal0 [0x00EC286B+2173035]
Ordinal0 [0x00EC75F8+2192888]
Ordinal0 [0x00EC76E5+2193125]
Ordinal0 [0x00ED11FC+2232828]
BaseThreadInitThunk [0x7613FA29+25]
RtlGetAppContainerNamedObjectPath [0x76F27A7E+286]
RtlGetAppContainerNamedObjectPath [0x76F27A4E+238]

at org.openqa.selenium.remote.W3CHandshakeResponse.lambda$new$0(W3CHandshakeResponse.java:57)
at org.openqa.selenium.remote.W3CHandshakeResponse.lambda$getResponseFunction$2(W3CHandshakeResponse.java:104)
at org.openqa.selenium.remote.ProtocolHandshake.lambda$createSession$0(ProtocolHandshake.java:123)
at java.base/java.util.stream.ReferencePipeline$3$1.accept(ReferencePipeline.java:195)
at java.base/java.util.Spliterators$ArraySpliterator.tryAdvance(Spliterators.java:958)
at java.base/java.util.stream.ReferencePipeline.forEachWithCancel(ReferencePipeline.java:127)
at java.base/java.util.stream.AbstractPipeline.copyIntoWithCancel(AbstractPipeline.java:502)
at java.base/java.util.stream.AbstractPipeline.copyInto(AbstractPipeline.java:488)
at java.base/java.util.stream.AbstractPipeline.wrapAndCopyInto(AbstractPipeline.java:474)
at java.base/java.util.stream.FindOps$FindOp.evaluateSequential(FindOps.java:150)
at java.base/java.util.stream.AbstractPipeline.evaluate(AbstractPipeline.java:234)
at java.base/java.util.stream.ReferencePipeline.findFirst(ReferencePipeline.java:543)
at org.openqa.selenium.remote.ProtocolHandshake.createSession(ProtocolHandshake.java:126)
at org.openqa.selenium.remote.ProtocolHandshake.createSession(ProtocolHandshake.java:73)
at org.openqa.selenium.remote.HttpCommandExecutor.execute(HttpCommandExecutor.java:136)
at org.openqa.selenium.remote.service.DriverCommandExecutor.execute(DriverCommandExecutor.java:83)
at org.openqa.selenium.remote.RemoteWebDriver.execute(RemoteWebDriver.java:543)
at org.openqa.selenium.remote.RemoteWebDriver.startSession(RemoteWebDriver.java:207)
at org.openqa.selenium.remote.RemoteWebDriver.<init>(RemoteWebDriver.java:130)
at org.openqa.selenium.chrome.ChromeDriver.<init>(ChromeDriver.java:181)
at org.openqa.selenium.chrome.ChromeDriver.<init>(ChromeDriver.java:168)
at org.openqa.selenium.chrome.ChromeDriver.<init>(ChromeDriver.java:123)
at mainpackage.MainClass.driverlaunch(MainClass.java:74)
... Removed 32 stack frames]]>
    </failure>
  </testcase> <!-- @BeforeTest driverlaunch -->
  <testcase classname="mainpackage.MainClass" name="@BeforeClass beforeClass" time="-1.651744345514E9">
    <skipped/>
  </testcase> <!-- @BeforeClass beforeClass -->
  <testcase classname="mainpackage.MainClass" name="@AfterMethod getResult" time="-1.65174434552E9">
    <skipped/>
  </testcase> <!-- @AfterMethod getResult -->
  <testcase classname="mainpackage.MainClass" name="@AfterClass afterClass" time="-1.651744345523E9">
    <skipped/>
  </testcase> <!-- @AfterClass afterClass -->
  <testcase classname="mainpackage.MainClass" name="@AfterTest driverclose" time="-1.651744345525E9">
    <skipped/>
  </testcase> <!-- @AfterTest driverclose -->
  <testcase classname="canadadrive.SmokeFlow" name="sampleFlow" time="0.0">
    <skipped/>
  </testcase> <!-- sampleFlow -->
</testsuite> <!-- SampleTest2 -->
