<?xml version="1.0" encoding="UTF-8"?>
<testng-results ignored="0" total="2" passed="0" failed="0" skipped="2">
  <reporter-output>
  </reporter-output>
  <suite started-at="2022-05-05T15:22:15 IST" name="Suite" finished-at="2022-05-05T15:22:25 IST" duration-ms="10436">
    <groups>
    </groups>
    <test started-at="2022-05-05T15:22:15 IST" name="SampleTest" finished-at="2022-05-05T15:22:22 IST" duration-ms="7379">
      <class name="canadadrive.SmokeFlow">
        <test-method is-config="true" signature="driverlaunch()[pri:0, instance:canadadrive.SmokeFlow@1dac5ef]" started-at="2022-05-05T15:22:15 IST" name="driverlaunch" finished-at="2022-05-05T15:22:22 IST" duration-ms="7124" status="FAIL">
          <exception class="org.openqa.selenium.SessionNotCreatedException">
            <message>
              <![CDATA[session not created: This version of ChromeDriver only supports Chrome version 99
Current browser version is 101.0.4951.54 with binary path C:\Program Files\Google\Chrome\Application\chrome.exe
Build info: version: '3.12.0', revision: '7c6e0b3', time: '2018-05-08T14:04:26.12Z'
System info: host: 'DESKTOP-8KFKMLI', ip: '192.168.29.42', os.name: 'Windows 10', os.arch: 'amd64', os.version: '10.0', java.version: '11.0.11'
Driver info: driver.version: ChromeDriver
remote stacktrace: Backtrace:
Ordinal0 [0x00F29943+2595139]
Ordinal0 [0x00EBC9F1+2148849]
Ordinal0 [0x00DB4528+1066280]
Ordinal0 [0x00DD42C3+1196739]
Ordinal0 [0x00DCFE37+1179191]
Ordinal0 [0x00DCD6F1+1169137]
Ordinal0 [0x00E00530+1377584]
Ordinal0 [0x00E0018A+1376650]
Ordinal0 [0x00DFB806+1357830]
Ordinal0 [0x00DD6086+1204358]
Ordinal0 [0x00DD6F96+1208214]
GetHandleVerifier [0x010CB232+1658114]
GetHandleVerifier [0x0118312C+2411516]
GetHandleVerifier [0x00FBF261+560433]
GetHandleVerifier [0x00FBE366+556598]
Ordinal0 [0x00EC286B+2173035]
Ordinal0 [0x00EC75F8+2192888]
Ordinal0 [0x00EC76E5+2193125]
Ordinal0 [0x00ED11FC+2232828]
BaseThreadInitThunk [0x7613FA29+25]
RtlGetAppContainerNamedObjectPath [0x76F27A7E+286]
RtlGetAppContainerNamedObjectPath [0x76F27A4E+238]
]]>
            </message>
            <full-stacktrace>
              <![CDATA[org.openqa.selenium.SessionNotCreatedException: session not created: This version of ChromeDriver only supports Chrome version 99
Current browser version is 101.0.4951.54 with binary path C:\Program Files\Google\Chrome\Application\chrome.exe
Build info: version: '3.12.0', revision: '7c6e0b3', time: '2018-05-08T14:04:26.12Z'
System info: host: 'DESKTOP-8KFKMLI', ip: '192.168.29.42', os.name: 'Windows 10', os.arch: 'amd64', os.version: '10.0', java.version: '11.0.11'
Driver info: driver.version: ChromeDriver
remote stacktrace: Backtrace:
Ordinal0 [0x00F29943+2595139]
Ordinal0 [0x00EBC9F1+2148849]
Ordinal0 [0x00DB4528+1066280]
Ordinal0 [0x00DD42C3+1196739]
Ordinal0 [0x00DCFE37+1179191]
Ordinal0 [0x00DCD6F1+1169137]
Ordinal0 [0x00E00530+1377584]
Ordinal0 [0x00E0018A+1376650]
Ordinal0 [0x00DFB806+1357830]
Ordinal0 [0x00DD6086+1204358]
Ordinal0 [0x00DD6F96+1208214]
GetHandleVerifier [0x010CB232+1658114]
GetHandleVerifier [0x0118312C+2411516]
GetHandleVerifier [0x00FBF261+560433]
GetHandleVerifier [0x00FBE366+556598]
Ordinal0 [0x00EC286B+2173035]
Ordinal0 [0x00EC75F8+2192888]
Ordinal0 [0x00EC76E5+2193125]
Ordinal0 [0x00ED11FC+2232828]
BaseThreadInitThunk [0x7613FA29+25]
RtlGetAppContainerNamedObjectPath [0x76F27A7E+286]
RtlGetAppContainerNamedObjectPath [0x76F27A4E+238]

at java.base/jdk.internal.reflect.NativeConstructorAccessorImpl.newInstance0(Native Method)
at java.base/jdk.internal.reflect.NativeConstructorAccessorImpl.newInstance(NativeConstructorAccessorImpl.java:62)
at java.base/jdk.internal.reflect.DelegatingConstructorAccessorImpl.newInstance(DelegatingConstructorAccessorImpl.java:45)
at java.base/java.lang.reflect.Constructor.newInstance(Constructor.java:490)
at org.openqa.selenium.remote.W3CHandshakeResponse.lambda$new$0(W3CHandshakeResponse.java:57)
at org.openqa.selenium.remote.W3CHandshakeResponse.lambda$getResponseFunction$2(W3CHandshakeResponse.java:104)
at org.openqa.selenium.remote.ProtocolHandshake.lambda$createSession$0(ProtocolHandshake.java:123)
at java.base/java.util.stream.ReferencePipeline$3$1.accept(ReferencePipeline.java:195)
at java.base/java.util.Spliterators$ArraySpliterator.tryAdvance(Spliterators.java:958)
at java.base/java.util.stream.ReferencePipeline.forEachWithCancel(ReferencePipeline.java:127)
at java.base/java.util.stream.AbstractPipeline.copyIntoWithCancel(AbstractPipeline.java:502)
at java.base/java.util.stream.AbstractPipeline.copyInto(AbstractPipeline.java:488)
at java.base/java.util.stream.AbstractPipeline.wrapAndCopyInto(AbstractPipeline.java:474)
at java.base/java.util.stream.FindOps$FindOp.evaluateSequential(FindOps.java:150)
at java.base/java.util.stream.AbstractPipeline.evaluate(AbstractPipeline.java:234)
at java.base/java.util.stream.ReferencePipeline.findFirst(ReferencePipeline.java:543)
at org.openqa.selenium.remote.ProtocolHandshake.createSession(ProtocolHandshake.java:126)
at org.openqa.selenium.remote.ProtocolHandshake.createSession(ProtocolHandshake.java:73)
at org.openqa.selenium.remote.HttpCommandExecutor.execute(HttpCommandExecutor.java:136)
at org.openqa.selenium.remote.service.DriverCommandExecutor.execute(DriverCommandExecutor.java:83)
at org.openqa.selenium.remote.RemoteWebDriver.execute(RemoteWebDriver.java:543)
at org.openqa.selenium.remote.RemoteWebDriver.startSession(RemoteWebDriver.java:207)
at org.openqa.selenium.remote.RemoteWebDriver.<init>(RemoteWebDriver.java:130)
at org.openqa.selenium.chrome.ChromeDriver.<init>(ChromeDriver.java:181)
at org.openqa.selenium.chrome.ChromeDriver.<init>(ChromeDriver.java:168)
at org.openqa.selenium.chrome.ChromeDriver.<init>(ChromeDriver.java:123)
at mainpackage.MainClass.driverlaunch(MainClass.java:74)
at java.base/jdk.internal.reflect.NativeMethodAccessorImpl.invoke0(Native Method)
at java.base/jdk.internal.reflect.NativeMethodAccessorImpl.invoke(NativeMethodAccessorImpl.java:62)
at java.base/jdk.internal.reflect.DelegatingMethodAccessorImpl.invoke(DelegatingMethodAccessorImpl.java:43)
at java.base/java.lang.reflect.Method.invoke(Method.java:566)
at org.testng.internal.MethodInvocationHelper.invokeMethod(MethodInvocationHelper.java:133)
at org.testng.internal.MethodInvocationHelper.invokeMethodConsideringTimeout(MethodInvocationHelper.java:62)
at org.testng.internal.ConfigInvoker.invokeConfigurationMethod(ConfigInvoker.java:340)
at org.testng.internal.ConfigInvoker.invokeConfigurations(ConfigInvoker.java:294)
at org.testng.TestRunner.invokeTestConfigurations(TestRunner.java:623)
at org.testng.TestRunner.beforeRun(TestRunner.java:613)
at org.testng.TestRunner.run(TestRunner.java:584)
at org.testng.SuiteRunner.runTest(SuiteRunner.java:402)
at org.testng.SuiteRunner.runSequentially(SuiteRunner.java:396)
at org.testng.SuiteRunner.privateRun(SuiteRunner.java:355)
at org.testng.SuiteRunner.run(SuiteRunner.java:304)
at org.testng.SuiteRunnerWorker.runSuite(SuiteRunnerWorker.java:53)
at org.testng.SuiteRunnerWorker.run(SuiteRunnerWorker.java:96)
at org.testng.TestNG.runSuitesSequentially(TestNG.java:1180)
at org.testng.TestNG.runSuitesLocally(TestNG.java:1102)
at org.testng.TestNG.runSuites(TestNG.java:1032)
at org.testng.TestNG.run(TestNG.java:1000)
at org.apache.maven.surefire.testng.TestNGExecutor.run(TestNGExecutor.java:283)
at org.apache.maven.surefire.testng.TestNGXmlTestSuite.execute(TestNGXmlTestSuite.java:75)
at org.apache.maven.surefire.testng.TestNGProvider.invoke(TestNGProvider.java:120)
at org.apache.maven.surefire.booter.ForkedBooter.runSuitesInProcess(ForkedBooter.java:377)
at org.apache.maven.surefire.booter.ForkedBooter.execute(ForkedBooter.java:138)
at org.apache.maven.surefire.booter.ForkedBooter.run(ForkedBooter.java:465)
at org.apache.maven.surefire.booter.ForkedBooter.main(ForkedBooter.java:451)
]]>
            </full-stacktrace>
          </exception> <!-- org.openqa.selenium.SessionNotCreatedException -->
          <reporter-output>
          </reporter-output>
        </test-method> <!-- driverlaunch -->
        <test-method is-config="true" signature="beforeClass()[pri:0, instance:canadadrive.SmokeFlow@1dac5ef]" started-at="2022-05-05T15:22:22 IST" name="beforeClass" finished-at="1970-01-01T05:30:00 IST" duration-ms="-1651744342378" status="SKIP">
          <reporter-output>
          </reporter-output>
        </test-method> <!-- beforeClass -->
        <test-method signature="sampleFlow(java.lang.String, java.lang.String, java.lang.String, java.lang.String)[pri:1, instance:canadadrive.SmokeFlow@1dac5ef]" started-at="2022-05-05T15:22:22 IST" name="sampleFlow" data-provider="SampleData" finished-at="2022-05-05T15:22:22 IST" duration-ms="0" status="SKIP">
          <exception class="org.openqa.selenium.SessionNotCreatedException">
            <message>
              <![CDATA[session not created: This version of ChromeDriver only supports Chrome version 99
Current browser version is 101.0.4951.54 with binary path C:\Program Files\Google\Chrome\Application\chrome.exe
Build info: version: '3.12.0', revision: '7c6e0b3', time: '2018-05-08T14:04:26.12Z'
System info: host: 'DESKTOP-8KFKMLI', ip: '192.168.29.42', os.name: 'Windows 10', os.arch: 'amd64', os.version: '10.0', java.version: '11.0.11'
Driver info: driver.version: ChromeDriver
remote stacktrace: Backtrace:
Ordinal0 [0x00F29943+2595139]
Ordinal0 [0x00EBC9F1+2148849]
Ordinal0 [0x00DB4528+1066280]
Ordinal0 [0x00DD42C3+1196739]
Ordinal0 [0x00DCFE37+1179191]
Ordinal0 [0x00DCD6F1+1169137]
Ordinal0 [0x00E00530+1377584]
Ordinal0 [0x00E0018A+1376650]
Ordinal0 [0x00DFB806+1357830]
Ordinal0 [0x00DD6086+1204358]
Ordinal0 [0x00DD6F96+1208214]
GetHandleVerifier [0x010CB232+1658114]
GetHandleVerifier [0x0118312C+2411516]
GetHandleVerifier [0x00FBF261+560433]
GetHandleVerifier [0x00FBE366+556598]
Ordinal0 [0x00EC286B+2173035]
Ordinal0 [0x00EC75F8+2192888]
Ordinal0 [0x00EC76E5+2193125]
Ordinal0 [0x00ED11FC+2232828]
BaseThreadInitThunk [0x7613FA29+25]
RtlGetAppContainerNamedObjectPath [0x76F27A7E+286]
RtlGetAppContainerNamedObjectPath [0x76F27A4E+238]
]]>
            </message>
            <full-stacktrace>
              <![CDATA[org.openqa.selenium.SessionNotCreatedException: session not created: This version of ChromeDriver only supports Chrome version 99
Current browser version is 101.0.4951.54 with binary path C:\Program Files\Google\Chrome\Application\chrome.exe
Build info: version: '3.12.0', revision: '7c6e0b3', time: '2018-05-08T14:04:26.12Z'
System info: host: 'DESKTOP-8KFKMLI', ip: '192.168.29.42', os.name: 'Windows 10', os.arch: 'amd64', os.version: '10.0', java.version: '11.0.11'
Driver info: driver.version: ChromeDriver
remote stacktrace: Backtrace:
Ordinal0 [0x00F29943+2595139]
Ordinal0 [0x00EBC9F1+2148849]
Ordinal0 [0x00DB4528+1066280]
Ordinal0 [0x00DD42C3+1196739]
Ordinal0 [0x00DCFE37+1179191]
Ordinal0 [0x00DCD6F1+1169137]
Ordinal0 [0x00E00530+1377584]
Ordinal0 [0x00E0018A+1376650]
Ordinal0 [0x00DFB806+1357830]
Ordinal0 [0x00DD6086+1204358]
Ordinal0 [0x00DD6F96+1208214]
GetHandleVerifier [0x010CB232+1658114]
GetHandleVerifier [0x0118312C+2411516]
GetHandleVerifier [0x00FBF261+560433]
GetHandleVerifier [0x00FBE366+556598]
Ordinal0 [0x00EC286B+2173035]
Ordinal0 [0x00EC75F8+2192888]
Ordinal0 [0x00EC76E5+2193125]
Ordinal0 [0x00ED11FC+2232828]
BaseThreadInitThunk [0x7613FA29+25]
RtlGetAppContainerNamedObjectPath [0x76F27A7E+286]
RtlGetAppContainerNamedObjectPath [0x76F27A4E+238]

at java.base/jdk.internal.reflect.NativeConstructorAccessorImpl.newInstance0(Native Method)
at java.base/jdk.internal.reflect.NativeConstructorAccessorImpl.newInstance(NativeConstructorAccessorImpl.java:62)
at java.base/jdk.internal.reflect.DelegatingConstructorAccessorImpl.newInstance(DelegatingConstructorAccessorImpl.java:45)
at java.base/java.lang.reflect.Constructor.newInstance(Constructor.java:490)
at org.openqa.selenium.remote.W3CHandshakeResponse.lambda$new$0(W3CHandshakeResponse.java:57)
at org.openqa.selenium.remote.W3CHandshakeResponse.lambda$getResponseFunction$2(W3CHandshakeResponse.java:104)
at org.openqa.selenium.remote.ProtocolHandshake.lambda$createSession$0(ProtocolHandshake.java:123)
at java.base/java.util.stream.ReferencePipeline$3$1.accept(ReferencePipeline.java:195)
at java.base/java.util.Spliterators$ArraySpliterator.tryAdvance(Spliterators.java:958)
at java.base/java.util.stream.ReferencePipeline.forEachWithCancel(ReferencePipeline.java:127)
at java.base/java.util.stream.AbstractPipeline.copyIntoWithCancel(AbstractPipeline.java:502)
at java.base/java.util.stream.AbstractPipeline.copyInto(AbstractPipeline.java:488)
at java.base/java.util.stream.AbstractPipeline.wrapAndCopyInto(AbstractPipeline.java:474)
at java.base/java.util.stream.FindOps$FindOp.evaluateSequential(FindOps.java:150)
at java.base/java.util.stream.AbstractPipeline.evaluate(AbstractPipeline.java:234)
at java.base/java.util.stream.ReferencePipeline.findFirst(ReferencePipeline.java:543)
at org.openqa.selenium.remote.ProtocolHandshake.createSession(ProtocolHandshake.java:126)
at org.openqa.selenium.remote.ProtocolHandshake.createSession(ProtocolHandshake.java:73)
at org.openqa.selenium.remote.HttpCommandExecutor.execute(HttpCommandExecutor.java:136)
at org.openqa.selenium.remote.service.DriverCommandExecutor.execute(DriverCommandExecutor.java:83)
at org.openqa.selenium.remote.RemoteWebDriver.execute(RemoteWebDriver.java:543)
at org.openqa.selenium.remote.RemoteWebDriver.startSession(RemoteWebDriver.java:207)
at org.openqa.selenium.remote.RemoteWebDriver.<init>(RemoteWebDriver.java:130)
at org.openqa.selenium.chrome.ChromeDriver.<init>(ChromeDriver.java:181)
at org.openqa.selenium.chrome.ChromeDriver.<init>(ChromeDriver.java:168)
at org.openqa.selenium.chrome.ChromeDriver.<init>(ChromeDriver.java:123)
at mainpackage.MainClass.driverlaunch(MainClass.java:74)
at java.base/jdk.internal.reflect.NativeMethodAccessorImpl.invoke0(Native Method)
at java.base/jdk.internal.reflect.NativeMethodAccessorImpl.invoke(NativeMethodAccessorImpl.java:62)
at java.base/jdk.internal.reflect.DelegatingMethodAccessorImpl.invoke(DelegatingMethodAccessorImpl.java:43)
at java.base/java.lang.reflect.Method.invoke(Method.java:566)
at org.testng.internal.MethodInvocationHelper.invokeMethod(MethodInvocationHelper.java:133)
at org.testng.internal.MethodInvocationHelper.invokeMethodConsideringTimeout(MethodInvocationHelper.java:62)
at org.testng.internal.ConfigInvoker.invokeConfigurationMethod(ConfigInvoker.java:340)
at org.testng.internal.ConfigInvoker.invokeConfigurations(ConfigInvoker.java:294)
at org.testng.TestRunner.invokeTestConfigurations(TestRunner.java:623)
at org.testng.TestRunner.beforeRun(TestRunner.java:613)
at org.testng.TestRunner.run(TestRunner.java:584)
at org.testng.SuiteRunner.runTest(SuiteRunner.java:402)
at org.testng.SuiteRunner.runSequentially(SuiteRunner.java:396)
at org.testng.SuiteRunner.privateRun(SuiteRunner.java:355)
at org.testng.SuiteRunner.run(SuiteRunner.java:304)
at org.testng.SuiteRunnerWorker.runSuite(SuiteRunnerWorker.java:53)
at org.testng.SuiteRunnerWorker.run(SuiteRunnerWorker.java:96)
at org.testng.TestNG.runSuitesSequentially(TestNG.java:1180)
at org.testng.TestNG.runSuitesLocally(TestNG.java:1102)
at org.testng.TestNG.runSuites(TestNG.java:1032)
at org.testng.TestNG.run(TestNG.java:1000)
at org.apache.maven.surefire.testng.TestNGExecutor.run(TestNGExecutor.java:283)
at org.apache.maven.surefire.testng.TestNGXmlTestSuite.execute(TestNGXmlTestSuite.java:75)
at org.apache.maven.surefire.testng.TestNGProvider.invoke(TestNGProvider.java:120)
at org.apache.maven.surefire.booter.ForkedBooter.runSuitesInProcess(ForkedBooter.java:377)
at org.apache.maven.surefire.booter.ForkedBooter.execute(ForkedBooter.java:138)
at org.apache.maven.surefire.booter.ForkedBooter.run(ForkedBooter.java:465)
at org.apache.maven.surefire.booter.ForkedBooter.main(ForkedBooter.java:451)
]]>
            </full-stacktrace>
          </exception> <!-- org.openqa.selenium.SessionNotCreatedException -->
          <reporter-output>
          </reporter-output>
        </test-method> <!-- sampleFlow -->
        <test-method is-config="true" signature="getResult(org.testng.ITestResult)[pri:0, instance:canadadrive.SmokeFlow@1dac5ef]" started-at="2022-05-05T15:22:22 IST" name="getResult" finished-at="1970-01-01T05:30:00 IST" duration-ms="-1651744342460" status="SKIP">
          <reporter-output>
          </reporter-output>
        </test-method> <!-- getResult -->
        <test-method is-config="true" signature="afterClass()[pri:0, instance:canadadrive.SmokeFlow@1dac5ef]" started-at="2022-05-05T15:22:22 IST" name="afterClass" finished-at="1970-01-01T05:30:00 IST" duration-ms="-1651744342463" status="SKIP">
          <reporter-output>
          </reporter-output>
        </test-method> <!-- afterClass -->
        <test-method is-config="true" signature="driverclose()[pri:0, instance:canadadrive.SmokeFlow@1dac5ef]" started-at="2022-05-05T15:22:22 IST" name="driverclose" finished-at="1970-01-01T05:30:00 IST" duration-ms="-1651744342467" status="SKIP">
          <reporter-output>
          </reporter-output>
        </test-method> <!-- driverclose -->
      </class> <!-- canadadrive.SmokeFlow -->
    </test> <!-- SampleTest -->
    <test started-at="2022-05-05T15:22:22 IST" name="SampleTest2" finished-at="2022-05-05T15:22:25 IST" duration-ms="2846">
      <class name="canadadrive.SmokeFlow">
        <test-method is-config="true" signature="beforeSuite()[pri:0, instance:canadadrive.SmokeFlow@2a266d09]" started-at="2022-05-05T15:22:14 IST" name="beforeSuite" finished-at="2022-05-05T15:22:15 IST" duration-ms="846" status="PASS">
          <reporter-output>
          </reporter-output>
        </test-method> <!-- beforeSuite -->
        <test-method is-config="true" signature="driverlaunch()[pri:0, instance:canadadrive.SmokeFlow@2a266d09]" started-at="2022-05-05T15:22:22 IST" name="driverlaunch" finished-at="2022-05-05T15:22:25 IST" duration-ms="2826" status="FAIL">
          <exception class="org.openqa.selenium.SessionNotCreatedException">
            <message>
              <![CDATA[session not created: This version of ChromeDriver only supports Chrome version 99
Current browser version is 101.0.4951.54 with binary path C:\Program Files\Google\Chrome\Application\chrome.exe
Build info: version: '3.12.0', revision: '7c6e0b3', time: '2018-05-08T14:04:26.12Z'
System info: host: 'DESKTOP-8KFKMLI', ip: '192.168.29.42', os.name: 'Windows 10', os.arch: 'amd64', os.version: '10.0', java.version: '11.0.11'
Driver info: driver.version: ChromeDriver
remote stacktrace: Backtrace:
Ordinal0 [0x00F29943+2595139]
Ordinal0 [0x00EBC9F1+2148849]
Ordinal0 [0x00DB4528+1066280]
Ordinal0 [0x00DD42C3+1196739]
Ordinal0 [0x00DCFE37+1179191]
Ordinal0 [0x00DCD6F1+1169137]
Ordinal0 [0x00E00530+1377584]
Ordinal0 [0x00E0018A+1376650]
Ordinal0 [0x00DFB806+1357830]
Ordinal0 [0x00DD6086+1204358]
Ordinal0 [0x00DD6F96+1208214]
GetHandleVerifier [0x010CB232+1658114]
GetHandleVerifier [0x0118312C+2411516]
GetHandleVerifier [0x00FBF261+560433]
GetHandleVerifier [0x00FBE366+556598]
Ordinal0 [0x00EC286B+2173035]
Ordinal0 [0x00EC75F8+2192888]
Ordinal0 [0x00EC76E5+2193125]
Ordinal0 [0x00ED11FC+2232828]
BaseThreadInitThunk [0x7613FA29+25]
RtlGetAppContainerNamedObjectPath [0x76F27A7E+286]
RtlGetAppContainerNamedObjectPath [0x76F27A4E+238]
]]>
            </message>
            <full-stacktrace>
              <![CDATA[org.openqa.selenium.SessionNotCreatedException: session not created: This version of ChromeDriver only supports Chrome version 99
Current browser version is 101.0.4951.54 with binary path C:\Program Files\Google\Chrome\Application\chrome.exe
Build info: version: '3.12.0', revision: '7c6e0b3', time: '2018-05-08T14:04:26.12Z'
System info: host: 'DESKTOP-8KFKMLI', ip: '192.168.29.42', os.name: 'Windows 10', os.arch: 'amd64', os.version: '10.0', java.version: '11.0.11'
Driver info: driver.version: ChromeDriver
remote stacktrace: Backtrace:
Ordinal0 [0x00F29943+2595139]
Ordinal0 [0x00EBC9F1+2148849]
Ordinal0 [0x00DB4528+1066280]
Ordinal0 [0x00DD42C3+1196739]
Ordinal0 [0x00DCFE37+1179191]
Ordinal0 [0x00DCD6F1+1169137]
Ordinal0 [0x00E00530+1377584]
Ordinal0 [0x00E0018A+1376650]
Ordinal0 [0x00DFB806+1357830]
Ordinal0 [0x00DD6086+1204358]
Ordinal0 [0x00DD6F96+1208214]
GetHandleVerifier [0x010CB232+1658114]
GetHandleVerifier [0x0118312C+2411516]
GetHandleVerifier [0x00FBF261+560433]
GetHandleVerifier [0x00FBE366+556598]
Ordinal0 [0x00EC286B+2173035]
Ordinal0 [0x00EC75F8+2192888]
Ordinal0 [0x00EC76E5+2193125]
Ordinal0 [0x00ED11FC+2232828]
BaseThreadInitThunk [0x7613FA29+25]
RtlGetAppContainerNamedObjectPath [0x76F27A7E+286]
RtlGetAppContainerNamedObjectPath [0x76F27A4E+238]

at java.base/jdk.internal.reflect.NativeConstructorAccessorImpl.newInstance0(Native Method)
at java.base/jdk.internal.reflect.NativeConstructorAccessorImpl.newInstance(NativeConstructorAccessorImpl.java:62)
at java.base/jdk.internal.reflect.DelegatingConstructorAccessorImpl.newInstance(DelegatingConstructorAccessorImpl.java:45)
at java.base/java.lang.reflect.Constructor.newInstance(Constructor.java:490)
at org.openqa.selenium.remote.W3CHandshakeResponse.lambda$new$0(W3CHandshakeResponse.java:57)
at org.openqa.selenium.remote.W3CHandshakeResponse.lambda$getResponseFunction$2(W3CHandshakeResponse.java:104)
at org.openqa.selenium.remote.ProtocolHandshake.lambda$createSession$0(ProtocolHandshake.java:123)
at java.base/java.util.stream.ReferencePipeline$3$1.accept(ReferencePipeline.java:195)
at java.base/java.util.Spliterators$ArraySpliterator.tryAdvance(Spliterators.java:958)
at java.base/java.util.stream.ReferencePipeline.forEachWithCancel(ReferencePipeline.java:127)
at java.base/java.util.stream.AbstractPipeline.copyIntoWithCancel(AbstractPipeline.java:502)
at java.base/java.util.stream.AbstractPipeline.copyInto(AbstractPipeline.java:488)
at java.base/java.util.stream.AbstractPipeline.wrapAndCopyInto(AbstractPipeline.java:474)
at java.base/java.util.stream.FindOps$FindOp.evaluateSequential(FindOps.java:150)
at java.base/java.util.stream.AbstractPipeline.evaluate(AbstractPipeline.java:234)
at java.base/java.util.stream.ReferencePipeline.findFirst(ReferencePipeline.java:543)
at org.openqa.selenium.remote.ProtocolHandshake.createSession(ProtocolHandshake.java:126)
at org.openqa.selenium.remote.ProtocolHandshake.createSession(ProtocolHandshake.java:73)
at org.openqa.selenium.remote.HttpCommandExecutor.execute(HttpCommandExecutor.java:136)
at org.openqa.selenium.remote.service.DriverCommandExecutor.execute(DriverCommandExecutor.java:83)
at org.openqa.selenium.remote.RemoteWebDriver.execute(RemoteWebDriver.java:543)
at org.openqa.selenium.remote.RemoteWebDriver.startSession(RemoteWebDriver.java:207)
at org.openqa.selenium.remote.RemoteWebDriver.<init>(RemoteWebDriver.java:130)
at org.openqa.selenium.chrome.ChromeDriver.<init>(ChromeDriver.java:181)
at org.openqa.selenium.chrome.ChromeDriver.<init>(ChromeDriver.java:168)
at org.openqa.selenium.chrome.ChromeDriver.<init>(ChromeDriver.java:123)
at mainpackage.MainClass.driverlaunch(MainClass.java:74)
at java.base/jdk.internal.reflect.NativeMethodAccessorImpl.invoke0(Native Method)
at java.base/jdk.internal.reflect.NativeMethodAccessorImpl.invoke(NativeMethodAccessorImpl.java:62)
at java.base/jdk.internal.reflect.DelegatingMethodAccessorImpl.invoke(DelegatingMethodAccessorImpl.java:43)
at java.base/java.lang.reflect.Method.invoke(Method.java:566)
at org.testng.internal.MethodInvocationHelper.invokeMethod(MethodInvocationHelper.java:133)
at org.testng.internal.MethodInvocationHelper.invokeMethodConsideringTimeout(MethodInvocationHelper.java:62)
at org.testng.internal.ConfigInvoker.invokeConfigurationMethod(ConfigInvoker.java:340)
at org.testng.internal.ConfigInvoker.invokeConfigurations(ConfigInvoker.java:294)
at org.testng.TestRunner.invokeTestConfigurations(TestRunner.java:623)
at org.testng.TestRunner.beforeRun(TestRunner.java:613)
at org.testng.TestRunner.run(TestRunner.java:584)
at org.testng.SuiteRunner.runTest(SuiteRunner.java:402)
at org.testng.SuiteRunner.runSequentially(SuiteRunner.java:396)
at org.testng.SuiteRunner.privateRun(SuiteRunner.java:355)
at org.testng.SuiteRunner.run(SuiteRunner.java:304)
at org.testng.SuiteRunnerWorker.runSuite(SuiteRunnerWorker.java:53)
at org.testng.SuiteRunnerWorker.run(SuiteRunnerWorker.java:96)
at org.testng.TestNG.runSuitesSequentially(TestNG.java:1180)
at org.testng.TestNG.runSuitesLocally(TestNG.java:1102)
at org.testng.TestNG.runSuites(TestNG.java:1032)
at org.testng.TestNG.run(TestNG.java:1000)
at org.apache.maven.surefire.testng.TestNGExecutor.run(TestNGExecutor.java:283)
at org.apache.maven.surefire.testng.TestNGXmlTestSuite.execute(TestNGXmlTestSuite.java:75)
at org.apache.maven.surefire.testng.TestNGProvider.invoke(TestNGProvider.java:120)
at org.apache.maven.surefire.booter.ForkedBooter.runSuitesInProcess(ForkedBooter.java:377)
at org.apache.maven.surefire.booter.ForkedBooter.execute(ForkedBooter.java:138)
at org.apache.maven.surefire.booter.ForkedBooter.run(ForkedBooter.java:465)
at org.apache.maven.surefire.booter.ForkedBooter.main(ForkedBooter.java:451)
]]>
            </full-stacktrace>
          </exception> <!-- org.openqa.selenium.SessionNotCreatedException -->
          <reporter-output>
          </reporter-output>
        </test-method> <!-- driverlaunch -->
        <test-method is-config="true" signature="beforeClass()[pri:0, instance:canadadrive.SmokeFlow@2a266d09]" started-at="2022-05-05T15:22:25 IST" name="beforeClass" finished-at="1970-01-01T05:30:00 IST" duration-ms="-1651744345514" status="SKIP">
          <reporter-output>
          </reporter-output>
        </test-method> <!-- beforeClass -->
        <test-method signature="sampleFlow(java.lang.String, java.lang.String, java.lang.String, java.lang.String)[pri:1, instance:canadadrive.SmokeFlow@2a266d09]" started-at="2022-05-05T15:22:25 IST" name="sampleFlow" data-provider="SampleData" finished-at="2022-05-05T15:22:25 IST" duration-ms="0" status="SKIP">
          <exception class="org.openqa.selenium.SessionNotCreatedException">
            <message>
              <![CDATA[session not created: This version of ChromeDriver only supports Chrome version 99
Current browser version is 101.0.4951.54 with binary path C:\Program Files\Google\Chrome\Application\chrome.exe
Build info: version: '3.12.0', revision: '7c6e0b3', time: '2018-05-08T14:04:26.12Z'
System info: host: 'DESKTOP-8KFKMLI', ip: '192.168.29.42', os.name: 'Windows 10', os.arch: 'amd64', os.version: '10.0', java.version: '11.0.11'
Driver info: driver.version: ChromeDriver
remote stacktrace: Backtrace:
Ordinal0 [0x00F29943+2595139]
Ordinal0 [0x00EBC9F1+2148849]
Ordinal0 [0x00DB4528+1066280]
Ordinal0 [0x00DD42C3+1196739]
Ordinal0 [0x00DCFE37+1179191]
Ordinal0 [0x00DCD6F1+1169137]
Ordinal0 [0x00E00530+1377584]
Ordinal0 [0x00E0018A+1376650]
Ordinal0 [0x00DFB806+1357830]
Ordinal0 [0x00DD6086+1204358]
Ordinal0 [0x00DD6F96+1208214]
GetHandleVerifier [0x010CB232+1658114]
GetHandleVerifier [0x0118312C+2411516]
GetHandleVerifier [0x00FBF261+560433]
GetHandleVerifier [0x00FBE366+556598]
Ordinal0 [0x00EC286B+2173035]
Ordinal0 [0x00EC75F8+2192888]
Ordinal0 [0x00EC76E5+2193125]
Ordinal0 [0x00ED11FC+2232828]
BaseThreadInitThunk [0x7613FA29+25]
RtlGetAppContainerNamedObjectPath [0x76F27A7E+286]
RtlGetAppContainerNamedObjectPath [0x76F27A4E+238]
]]>
            </message>
            <full-stacktrace>
              <![CDATA[org.openqa.selenium.SessionNotCreatedException: session not created: This version of ChromeDriver only supports Chrome version 99
Current browser version is 101.0.4951.54 with binary path C:\Program Files\Google\Chrome\Application\chrome.exe
Build info: version: '3.12.0', revision: '7c6e0b3', time: '2018-05-08T14:04:26.12Z'
System info: host: 'DESKTOP-8KFKMLI', ip: '192.168.29.42', os.name: 'Windows 10', os.arch: 'amd64', os.version: '10.0', java.version: '11.0.11'
Driver info: driver.version: ChromeDriver
remote stacktrace: Backtrace:
Ordinal0 [0x00F29943+2595139]
Ordinal0 [0x00EBC9F1+2148849]
Ordinal0 [0x00DB4528+1066280]
Ordinal0 [0x00DD42C3+1196739]
Ordinal0 [0x00DCFE37+1179191]
Ordinal0 [0x00DCD6F1+1169137]
Ordinal0 [0x00E00530+1377584]
Ordinal0 [0x00E0018A+1376650]
Ordinal0 [0x00DFB806+1357830]
Ordinal0 [0x00DD6086+1204358]
Ordinal0 [0x00DD6F96+1208214]
GetHandleVerifier [0x010CB232+1658114]
GetHandleVerifier [0x0118312C+2411516]
GetHandleVerifier [0x00FBF261+560433]
GetHandleVerifier [0x00FBE366+556598]
Ordinal0 [0x00EC286B+2173035]
Ordinal0 [0x00EC75F8+2192888]
Ordinal0 [0x00EC76E5+2193125]
Ordinal0 [0x00ED11FC+2232828]
BaseThreadInitThunk [0x7613FA29+25]
RtlGetAppContainerNamedObjectPath [0x76F27A7E+286]
RtlGetAppContainerNamedObjectPath [0x76F27A4E+238]

at java.base/jdk.internal.reflect.NativeConstructorAccessorImpl.newInstance0(Native Method)
at java.base/jdk.internal.reflect.NativeConstructorAccessorImpl.newInstance(NativeConstructorAccessorImpl.java:62)
at java.base/jdk.internal.reflect.DelegatingConstructorAccessorImpl.newInstance(DelegatingConstructorAccessorImpl.java:45)
at java.base/java.lang.reflect.Constructor.newInstance(Constructor.java:490)
at org.openqa.selenium.remote.W3CHandshakeResponse.lambda$new$0(W3CHandshakeResponse.java:57)
at org.openqa.selenium.remote.W3CHandshakeResponse.lambda$getResponseFunction$2(W3CHandshakeResponse.java:104)
at org.openqa.selenium.remote.ProtocolHandshake.lambda$createSession$0(ProtocolHandshake.java:123)
at java.base/java.util.stream.ReferencePipeline$3$1.accept(ReferencePipeline.java:195)
at java.base/java.util.Spliterators$ArraySpliterator.tryAdvance(Spliterators.java:958)
at java.base/java.util.stream.ReferencePipeline.forEachWithCancel(ReferencePipeline.java:127)
at java.base/java.util.stream.AbstractPipeline.copyIntoWithCancel(AbstractPipeline.java:502)
at java.base/java.util.stream.AbstractPipeline.copyInto(AbstractPipeline.java:488)
at java.base/java.util.stream.AbstractPipeline.wrapAndCopyInto(AbstractPipeline.java:474)
at java.base/java.util.stream.FindOps$FindOp.evaluateSequential(FindOps.java:150)
at java.base/java.util.stream.AbstractPipeline.evaluate(AbstractPipeline.java:234)
at java.base/java.util.stream.ReferencePipeline.findFirst(ReferencePipeline.java:543)
at org.openqa.selenium.remote.ProtocolHandshake.createSession(ProtocolHandshake.java:126)
at org.openqa.selenium.remote.ProtocolHandshake.createSession(ProtocolHandshake.java:73)
at org.openqa.selenium.remote.HttpCommandExecutor.execute(HttpCommandExecutor.java:136)
at org.openqa.selenium.remote.service.DriverCommandExecutor.execute(DriverCommandExecutor.java:83)
at org.openqa.selenium.remote.RemoteWebDriver.execute(RemoteWebDriver.java:543)
at org.openqa.selenium.remote.RemoteWebDriver.startSession(RemoteWebDriver.java:207)
at org.openqa.selenium.remote.RemoteWebDriver.<init>(RemoteWebDriver.java:130)
at org.openqa.selenium.chrome.ChromeDriver.<init>(ChromeDriver.java:181)
at org.openqa.selenium.chrome.ChromeDriver.<init>(ChromeDriver.java:168)
at org.openqa.selenium.chrome.ChromeDriver.<init>(ChromeDriver.java:123)
at mainpackage.MainClass.driverlaunch(MainClass.java:74)
at java.base/jdk.internal.reflect.NativeMethodAccessorImpl.invoke0(Native Method)
at java.base/jdk.internal.reflect.NativeMethodAccessorImpl.invoke(NativeMethodAccessorImpl.java:62)
at java.base/jdk.internal.reflect.DelegatingMethodAccessorImpl.invoke(DelegatingMethodAccessorImpl.java:43)
at java.base/java.lang.reflect.Method.invoke(Method.java:566)
at org.testng.internal.MethodInvocationHelper.invokeMethod(MethodInvocationHelper.java:133)
at org.testng.internal.MethodInvocationHelper.invokeMethodConsideringTimeout(MethodInvocationHelper.java:62)
at org.testng.internal.ConfigInvoker.invokeConfigurationMethod(ConfigInvoker.java:340)
at org.testng.internal.ConfigInvoker.invokeConfigurations(ConfigInvoker.java:294)
at org.testng.TestRunner.invokeTestConfigurations(TestRunner.java:623)
at org.testng.TestRunner.beforeRun(TestRunner.java:613)
at org.testng.TestRunner.run(TestRunner.java:584)
at org.testng.SuiteRunner.runTest(SuiteRunner.java:402)
at org.testng.SuiteRunner.runSequentially(SuiteRunner.java:396)
at org.testng.SuiteRunner.privateRun(SuiteRunner.java:355)
at org.testng.SuiteRunner.run(SuiteRunner.java:304)
at org.testng.SuiteRunnerWorker.runSuite(SuiteRunnerWorker.java:53)
at org.testng.SuiteRunnerWorker.run(SuiteRunnerWorker.java:96)
at org.testng.TestNG.runSuitesSequentially(TestNG.java:1180)
at org.testng.TestNG.runSuitesLocally(TestNG.java:1102)
at org.testng.TestNG.runSuites(TestNG.java:1032)
at org.testng.TestNG.run(TestNG.java:1000)
at org.apache.maven.surefire.testng.TestNGExecutor.run(TestNGExecutor.java:283)
at org.apache.maven.surefire.testng.TestNGXmlTestSuite.execute(TestNGXmlTestSuite.java:75)
at org.apache.maven.surefire.testng.TestNGProvider.invoke(TestNGProvider.java:120)
at org.apache.maven.surefire.booter.ForkedBooter.runSuitesInProcess(ForkedBooter.java:377)
at org.apache.maven.surefire.booter.ForkedBooter.execute(ForkedBooter.java:138)
at org.apache.maven.surefire.booter.ForkedBooter.run(ForkedBooter.java:465)
at org.apache.maven.surefire.booter.ForkedBooter.main(ForkedBooter.java:451)
]]>
            </full-stacktrace>
          </exception> <!-- org.openqa.selenium.SessionNotCreatedException -->
          <reporter-output>
          </reporter-output>
        </test-method> <!-- sampleFlow -->
        <test-method is-config="true" signature="getResult(org.testng.ITestResult)[pri:0, instance:canadadrive.SmokeFlow@2a266d09]" started-at="2022-05-05T15:22:25 IST" name="getResult" finished-at="1970-01-01T05:30:00 IST" duration-ms="-1651744345520" status="SKIP">
          <reporter-output>
          </reporter-output>
        </test-method> <!-- getResult -->
        <test-method is-config="true" signature="afterClass()[pri:0, instance:canadadrive.SmokeFlow@2a266d09]" started-at="2022-05-05T15:22:25 IST" name="afterClass" finished-at="1970-01-01T05:30:00 IST" duration-ms="-1651744345523" status="SKIP">
          <reporter-output>
          </reporter-output>
        </test-method> <!-- afterClass -->
        <test-method is-config="true" signature="driverclose()[pri:0, instance:canadadrive.SmokeFlow@2a266d09]" started-at="2022-05-05T15:22:25 IST" name="driverclose" finished-at="1970-01-01T05:30:00 IST" duration-ms="-1651744345525" status="SKIP">
          <reporter-output>
          </reporter-output>
        </test-method> <!-- driverclose -->
        <test-method is-config="true" signature="afterSuite()[pri:0, instance:canadadrive.SmokeFlow@2a266d09]" started-at="2022-05-05T15:22:25 IST" name="afterSuite" finished-at="1970-01-01T05:30:00 IST" duration-ms="-1651744345580" status="SKIP">
          <reporter-output>
          </reporter-output>
        </test-method> <!-- afterSuite -->
      </class> <!-- canadadrive.SmokeFlow -->
    </test> <!-- SampleTest2 -->
  </suite> <!-- Suite -->
</testng-results>
